#
# A fatal error has been detected by the Java Runtime Environment:
#
#  EXCEPTION_ACCESS_VIOLATION (0xc0000005) at pc=0x00007ffda4668029, pid=8100, tid=20708
#
# JRE version: Java(TM) SE Runtime Environment (11.0.6+8) (build 11.0.6+8-LTS)
# Java VM: Java HotSpot(TM) 64-Bit Server VM (11.0.6+8-LTS, mixed mode, tiered, compressed oops, g1 gc, windows-amd64)
# Problematic frame:
# V  [jvm.dll+0x258029]
#
# No core dump will be written. Minidumps are not enabled by default on client versions of Windows
#
# If you would like to submit a bug report, please visit:
#   http://bugreport.java.com/bugreport/crash.jsp
#

---------------  S U M M A R Y ------------

Command Line: -agentlib:jdwp=transport=dt_socket,suspend=y,address=localhost:65157 -Dcom.sun.management.jmxremote -Dcom.sun.management.jmxremote.port=65156 -Dcom.sun.management.jmxremote.authenticate=false -Dcom.sun.management.jmxremote.ssl=false -Djava.rmi.server.hostname=localhost -Dspring.jmx.enabled=true -Dspring.application.admin.enabled=true -Xverify:none -XX:TieredStopAtLevel=1 -Dspring.boot.project.name=movieService -Dfile.encoding=UTF-8 com.movie.MovieServiceApplication --spring.output.ansi.enabled=always

Host: Intel(R) Core(TM) i5-8250U CPU @ 1.60GHz, 8 cores, 7G,  Windows 10 , 64 bit Build 18362 (10.0.18362.778)
Time: Thu Apr 23 00:16:29 2020 India Standard Time elapsed time: 39 seconds (0d 0h 0m 39s)

---------------  T H R E A D  ---------------

Current thread (0x000001637b726000):  VMThread "VM Thread" [stack: 0x0000000298e00000,0x0000000298f00000] [id=20708]

Stack: [0x0000000298e00000,0x0000000298f00000],  sp=0x0000000298eff650,  free space=1021k
Native frames: (J=compiled Java code, j=interpreted, Vv=VM code, C=native code)
V  [jvm.dll+0x258029]
V  [jvm.dll+0x5ed634]
V  [jvm.dll+0x5ee1d7]
V  [jvm.dll+0x505b98]
V  [jvm.dll+0x5095e8]
V  [jvm.dll+0x5073bb]
V  [jvm.dll+0x77d60c]
V  [jvm.dll+0x77bad7]
V  [jvm.dll+0x77c300]
V  [jvm.dll+0x77c607]
V  [jvm.dll+0x733905]
V  [jvm.dll+0x635846]
C  [ucrtbase.dll+0x20e72]
C  [KERNEL32.DLL+0x17bd4]
C  [ntdll.dll+0x6ce51]


siginfo: EXCEPTION_ACCESS_VIOLATION (0xc0000005), reading address 0x000001637fc80f90


Register to memory mapping:

RIP=0x00007ffda4668029 jvm.dll
RAX=0x0000000000200000 is an unknown value
RBX=0x000001637fa80238 is pointing into metadata
RCX=0x000001637fa80f90 is pointing into metadata
RDX=0x000000000000ffff is an unknown value
RSP=0x0000000298eff650 points into unknown readable memory: 00 00 00 00 00 00 00 00
RBP=0x0000000298eff749 points into unknown readable memory: 00 00 00 fd 7f 00 00
RSI=0x000000000000ffff is an unknown value
RDI=0x000000000000ffff is an unknown value
R8 ={method} {0x000001637fa80810} 'getMovieInfo' '(Ljava/lang/String;)Lorg/springframework/http/ResponseEntity;' in 'com/movie/controller/MovieRestController'
R9 =0x000001637fa80238 is pointing into metadata
R10=0x000001637b71e920 points into unknown readable memory: 02 00 00 00 1e 00 00 00
R11={method} {0x000001637fa80810} 'getMovieInfo' '(Ljava/lang/String;)Lorg/springframework/http/ResponseEntity;' in 'com/movie/controller/MovieRestController'
R12=0x0000000000000001 is an unknown value
R13=0x000001637f179168 is pointing into metadata
R14=0x000001637fa80795 is pointing into metadata
R15=0x00007ffda4410000 jvm.dll


Registers:
RAX=0x0000000000200000, RBX=0x000001637fa80238, RCX=0x000001637fa80f90, RDX=0x000000000000ffff
RSP=0x0000000298eff650, RBP=0x0000000298eff749, RSI=0x000000000000ffff, RDI=0x000000000000ffff
R8 =0x000001637fa80808, R9 =0x000001637fa80238, R10=0x000001637b71e920, R11=0x000001637fa80808
R12=0x0000000000000001, R13=0x000001637f179168, R14=0x000001637fa80795, R15=0x00007ffda4410000
RIP=0x00007ffda4668029, EFLAGS=0x0000000000010206

Top of Stack: (sp=0x0000000298eff650)
0x0000000298eff650:   0000000000000000 00000163653fea10
0x0000000298eff660:   000001637f178ef0 0000000000000003
0x0000000298eff670:   0000000000000003 00007ffda49fd634
0x0000000298eff680:   00000000000000b6 00000163653fea10
0x0000000298eff690:   0000000298eff7b8 0000000298eff809
0x0000000298eff6a0:   0000000000000000 00000163653febb0
0x0000000298eff6b0:   0000000000000002 00007ffda452fdee
0x0000000298eff6c0:   0000000298eff720 0000000298eff749
0x0000000298eff6d0:   00000000000000b6 00000000000000b6
0x0000000298eff6e0:   0000000298eff749 00007ffda49fe1d7
0x0000000298eff6f0:   0000000000000002 00000000000000b6
0x0000000298eff700:   000001637fa80808 0000000298eff749
0x0000000298eff710:   000001637fa80808 000001637b726000
0x0000000298eff720:   000001637fa80808 000001637b726000
0x0000000298eff730:   0000000800000005 000000b60000002e
0x0000000298eff740:   000001637b5d0000 00007ffd000000b6 

Instructions: (pc=0x00007ffda4668029)
0x00007ffda4668009:   0d 3a a6 61 00 e8 dd 66 00 00 e8 08 e1 3d 00 48
0x00007ffda4668019:   8b 4b 10 48 85 c9 74 0f 48 8d 47 01 48 c1 e0 05
0x00007ffda4668029:   48 8b 04 08 0f b7 f8 48 63 c7 0f b7 4c c3 40 0f
0x00007ffda4668039:   b7 44 cb 42 48 8b 44 c3 40 48 8b 5c 24 30 48 83 


Stack slot to memory mapping:
stack at sp + 0 slots: 0x0 is NULL
stack at sp + 1 slots: 0x00000163653fea10 is at entry_point+-432 in (nmethod*)0x00000163653fea10
stack at sp + 2 slots: 0x000001637f178ef0 is pointing into metadata
stack at sp + 3 slots: 0x0000000000000003 is an unknown value
stack at sp + 4 slots: 0x0000000000000003 is an unknown value
stack at sp + 5 slots: 0x00007ffda49fd634 jvm.dll
stack at sp + 6 slots: 0x00000000000000b6 is an unknown value
stack at sp + 7 slots: 0x00000163653fea10 is at entry_point+-432 in (nmethod*)0x00000163653fea10

VM_Operation (0x00000002996ff8c0): RedefineClasses, mode: safepoint, requested by thread 0x000001637c254800, redefining class com.movie.controller.MovieRestController



---------------  P R O C E S S  ---------------

Threads class SMR info:
_java_thread_list=0x000001637d890fd0, length=41, elements={
0x000001637b74a800, 0x000001637b755800, 0x000001637b764800, 0x000001637b766000,
0x000001637b767000, 0x000001637c0ce800, 0x000001637c200000, 0x000001637c254800,
0x000001637c259800, 0x000001637c25a800, 0x000001637c269000, 0x000001637c240000,
0x000001637c253000, 0x000001637cb67800, 0x000001637cb7b000, 0x000001637cbec000,
0x000001637cc29800, 0x000001637cc39800, 0x000001637d7da000, 0x000001637e060800,
0x000001637e061800, 0x000001637e062000, 0x000001637e063000, 0x000001637e05d800,
0x000001637e064000, 0x000001637e05e000, 0x000001637e05f000, 0x000001637e05f800,
0x000001637e2a4800, 0x000001637e2a2000, 0x000001637e2a3000, 0x000001637e2a6000,
0x000001637e2a5800, 0x000001637e2a0800, 0x000001637e2a7000, 0x000001637e2a1800,
0x000001637e2a8800, 0x000001637e2a9800, 0x000001637e2a3800, 0x000001637e2ab000,
0x000001637e2aa800
}

Java Threads: ( => current thread )
  0x000001637b74a800 JavaThread "Reference Handler" daemon [_thread_blocked, id=12456, stack(0x0000000298f00000,0x0000000299000000)]
  0x000001637b755800 JavaThread "Finalizer" daemon [_thread_blocked, id=19940, stack(0x0000000299000000,0x0000000299100000)]
  0x000001637b764800 JavaThread "Signal Dispatcher" daemon [_thread_blocked, id=21968, stack(0x0000000299100000,0x0000000299200000)]
  0x000001637b766000 JavaThread "Attach Listener" daemon [_thread_blocked, id=9688, stack(0x0000000299200000,0x0000000299300000)]
  0x000001637b767000 JavaThread "C1 CompilerThread0" daemon [_thread_blocked, id=11924, stack(0x0000000299300000,0x0000000299400000)]
  0x000001637c0ce800 JavaThread "Sweeper thread" daemon [_thread_blocked, id=21148, stack(0x0000000299400000,0x0000000299500000)]
  0x000001637c200000 JavaThread "Common-Cleaner" daemon [_thread_blocked, id=17452, stack(0x0000000299500000,0x0000000299600000)]
  0x000001637c254800 JavaThread "JDWP Transport Listener: dt_socket" daemon [_thread_blocked, id=23364, stack(0x0000000299600000,0x0000000299700000)]
  0x000001637c259800 JavaThread "JDWP Event Helper Thread" daemon [_thread_blocked, id=23072, stack(0x0000000299700000,0x0000000299800000)]
  0x000001637c25a800 JavaThread "JDWP Command Reader" daemon [_thread_in_native, id=22424, stack(0x0000000299800000,0x0000000299900000)]
  0x000001637c269000 JavaThread "Service Thread" daemon [_thread_blocked, id=14048, stack(0x0000000299900000,0x0000000299a00000)]
  0x000001637c240000 JavaThread "RMI TCP Accept-0" daemon [_thread_in_native, id=11988, stack(0x0000000299a00000,0x0000000299b00000)]
  0x000001637c253000 JavaThread "RMI TCP Accept-65156" daemon [_thread_in_native, id=23408, stack(0x0000000299b00000,0x0000000299c00000)]
  0x000001637cb67800 JavaThread "RMI TCP Accept-0" daemon [_thread_in_native, id=19856, stack(0x0000000299c00000,0x0000000299d00000)]
  0x000001637cb7b000 JavaThread "RMI TCP Connection(idle)" daemon [_thread_blocked, id=9424, stack(0x0000000299e00000,0x0000000299f00000)]
  0x000001637cbec000 JavaThread "RMI TCP Connection(idle)" daemon [_thread_blocked, id=14620, stack(0x0000000299f00000,0x000000029a000000)]
  0x000001637cc29800 JavaThread "RMI Scheduler(0)" daemon [_thread_blocked, id=15836, stack(0x000000029a000000,0x000000029a100000)]
  0x000001637cc39800 JavaThread "JMX server connection timeout 23" daemon [_thread_blocked, id=21964, stack(0x000000029a100000,0x000000029a200000)]
  0x000001637d7da000 JavaThread "RMI TCP Connection(3)-127.0.0.1" daemon [_thread_in_native, id=18024, stack(0x000000029a600000,0x000000029a700000)]
  0x000001637e060800 JavaThread "Catalina-utility-1" [_thread_blocked, id=20544, stack(0x000000029a500000,0x000000029a600000)]
  0x000001637e061800 JavaThread "Catalina-utility-2" [_thread_blocked, id=23480, stack(0x000000029aa00000,0x000000029ab00000)]
  0x000001637e062000 JavaThread "container-0" [_thread_blocked, id=20772, stack(0x000000029ab00000,0x000000029ac00000)]
  0x000001637e063000 JavaThread "http-nio-8080-BlockPoller" daemon [_thread_in_native, id=11452, stack(0x000000029b000000,0x000000029b100000)]
  0x000001637e05d800 JavaThread "http-nio-8080-exec-1" daemon [_thread_blocked, id=21132, stack(0x000000029b100000,0x000000029b200000)]
  0x000001637e064000 JavaThread "http-nio-8080-exec-2" daemon [_thread_blocked, id=22324, stack(0x000000029b200000,0x000000029b300000)]
  0x000001637e05e000 JavaThread "http-nio-8080-exec-3" daemon [_thread_blocked, id=15828, stack(0x000000029b300000,0x000000029b400000)]
  0x000001637e05f000 JavaThread "http-nio-8080-exec-4" daemon [_thread_blocked, id=17700, stack(0x000000029b400000,0x000000029b500000)]
  0x000001637e05f800 JavaThread "http-nio-8080-exec-5" daemon [_thread_blocked, id=2800, stack(0x000000029b500000,0x000000029b600000)]
  0x000001637e2a4800 JavaThread "http-nio-8080-exec-6" daemon [_thread_blocked, id=15716, stack(0x000000029b600000,0x000000029b700000)]
  0x000001637e2a2000 JavaThread "http-nio-8080-exec-7" daemon [_thread_blocked, id=1896, stack(0x000000029b700000,0x000000029b800000)]
  0x000001637e2a3000 JavaThread "http-nio-8080-exec-8" daemon [_thread_blocked, id=13616, stack(0x000000029b800000,0x000000029b900000)]
  0x000001637e2a6000 JavaThread "http-nio-8080-exec-9" daemon [_thread_blocked, id=10192, stack(0x000000029b900000,0x000000029ba00000)]
  0x000001637e2a5800 JavaThread "http-nio-8080-exec-10" daemon [_thread_blocked, id=23396, stack(0x000000029ba00000,0x000000029bb00000)]
  0x000001637e2a0800 JavaThread "http-nio-8080-ClientPoller" daemon [_thread_in_native, id=10220, stack(0x000000029bb00000,0x000000029bc00000)]
  0x000001637e2a7000 JavaThread "http-nio-8080-Acceptor" daemon [_thread_in_native, id=2708, stack(0x000000029bc00000,0x000000029bd00000)]
  0x000001637e2a1800 JavaThread "DestroyJavaVM" [_thread_blocked, id=20604, stack(0x0000000298800000,0x0000000298900000)]
  0x000001637e2a8800 JavaThread "RMI TCP Connection(idle)" daemon [_thread_blocked, id=21248, stack(0x000000029be00000,0x000000029bf00000)]
  0x000001637e2a9800 JavaThread "RMI TCP Connection(idle)" daemon [_thread_blocked, id=17268, stack(0x000000029bf00000,0x000000029c000000)]
  0x000001637e2a3800 JavaThread "RMI TCP Connection(idle)" daemon [_thread_blocked, id=16700, stack(0x000000029c000000,0x000000029c100000)]
  0x000001637e2ab000 JavaThread "RMI TCP Connection(idle)" daemon [_thread_blocked, id=420, stack(0x000000029c100000,0x000000029c200000)]
  0x000001637e2aa800 JavaThread "RMI TCP Connection(idle)" daemon [_thread_blocked, id=12100, stack(0x000000029c300000,0x000000029c400000)]

Other Threads:
=>0x000001637b726000 VMThread "VM Thread" [stack: 0x0000000298e00000,0x0000000298f00000] [id=20708]
  0x000001637cb69800 WatcherThread [stack: 0x0000000299d00000,0x0000000299e00000] [id=22752]
  0x000001635ab88000 GCTaskThread "GC Thread#0" [stack: 0x0000000298900000,0x0000000298a00000] [id=6604]
  0x000001637cce6800 GCTaskThread "GC Thread#1" [stack: 0x000000029a200000,0x000000029a300000] [id=23048]
  0x000001637cfa1000 GCTaskThread "GC Thread#2" [stack: 0x000000029a300000,0x000000029a400000] [id=10352]
  0x000001637d920000 GCTaskThread "GC Thread#3" [stack: 0x000000029a800000,0x000000029a900000] [id=9204]
  0x000001637df4f800 GCTaskThread "GC Thread#4" [stack: 0x000000029ac00000,0x000000029ad00000] [id=12140]
  0x000001637df53800 GCTaskThread "GC Thread#5" [stack: 0x000000029ad00000,0x000000029ae00000] [id=8848]
  0x000001637df4f000 GCTaskThread "GC Thread#6" [stack: 0x000000029ae00000,0x000000029af00000] [id=22816]
  0x000001637df54000 GCTaskThread "GC Thread#7" [stack: 0x000000029af00000,0x000000029b000000] [id=14372]
  0x000001635abb8000 ConcurrentGCThread "G1 Main Marker" [stack: 0x0000000298a00000,0x0000000298b00000] [id=22036]
  0x000001635abb9800 ConcurrentGCThread "G1 Conc#0" [stack: 0x0000000298b00000,0x0000000298c00000] [id=21116]
  0x000001637da36000 ConcurrentGCThread "G1 Conc#1" [stack: 0x000000029a900000,0x000000029aa00000] [id=19736]
  0x000001635ac3c800 ConcurrentGCThread "G1 Refine#0" [stack: 0x0000000298c00000,0x0000000298d00000] [id=8220]
  0x000001637c47d800 ConcurrentGCThread "G1 Refine#1" [stack: 0x000000029a400000,0x000000029a500000] [id=22440]
  0x000001635ac3d800 ConcurrentGCThread "G1 Young RemSet Sampling" [stack: 0x0000000298d00000,0x0000000298e00000] [id=18040]

Threads with active compile tasks:

VM state:at safepoint (normal execution)

VM Mutex/Monitor currently owned by a thread:  ([mutex/lock_event])
[0x000001635ab6d810] Threads_lock - owner thread: 0x000001637b726000

Heap address: 0x0000000081800000, size: 2024 MB, Compressed Oops mode: 32-bit
Narrow klass base: 0x0000000000000000, Narrow klass shift: 3
Compressed class space size: 1073741824 Address: 0x0000000100000000

Heap:
 garbage-first heap   total 131072K, used 44954K [0x0000000081800000, 0x0000000100000000)
  region size 1024K, 40 young (40960K), 8 survivors (8192K)
 Metaspace       used 37207K, capacity 38546K, committed 38576K, reserved 1083392K
  class space    used 4585K, capacity 5106K, committed 5120K, reserved 1048576K
Heap Regions: E=young(eden), S=young(survivor), O=old, HS=humongous(starts), HC=humongous(continues), CS=collection set, F=free, A=archive, TAMS=top-at-mark-start (previous, next)
|   0|0x0000000081800000, 0x0000000081900000, 0x0000000081900000|100%| O|  |TAMS 0x0000000081900000, 0x0000000081800000| Untracked 
|   1|0x0000000081900000, 0x0000000081a00000, 0x0000000081a00000|100%| O|  |TAMS 0x0000000081a00000, 0x0000000081900000| Untracked 
|   2|0x0000000081a00000, 0x0000000081b00000, 0x0000000081b00000|100%| O|  |TAMS 0x0000000081b00000, 0x0000000081a00000| Untracked 
|   3|0x0000000081b00000, 0x0000000081c00000, 0x0000000081c00000|100%| O|  |TAMS 0x0000000081c00000, 0x0000000081b00000| Untracked 
|   4|0x0000000081c00000, 0x0000000081d00000, 0x0000000081d00000|100%| O|  |TAMS 0x0000000081d00000, 0x0000000081c00000| Untracked 
|   5|0x0000000081d00000, 0x0000000081da3200, 0x0000000081e00000| 63%| O|  |TAMS 0x0000000081da3200, 0x0000000081d00000| Untracked 
|   6|0x0000000081e00000, 0x0000000081e00000, 0x0000000081f00000|  0%| F|  |TAMS 0x0000000081e00000, 0x0000000081e00000| Untracked 
|   7|0x0000000081f00000, 0x0000000081f00000, 0x0000000082000000|  0%| F|  |TAMS 0x0000000081f00000, 0x0000000081f00000| Untracked 
|   8|0x0000000082000000, 0x0000000082000000, 0x0000000082100000|  0%| F|  |TAMS 0x0000000082000000, 0x0000000082000000| Untracked 
|   9|0x0000000082100000, 0x0000000082100000, 0x0000000082200000|  0%| F|  |TAMS 0x0000000082100000, 0x0000000082100000| Untracked 
|  10|0x0000000082200000, 0x0000000082200000, 0x0000000082300000|  0%| F|  |TAMS 0x0000000082200000, 0x0000000082200000| Untracked 
|  11|0x0000000082300000, 0x0000000082300000, 0x0000000082400000|  0%| F|  |TAMS 0x0000000082300000, 0x0000000082300000| Untracked 
|  12|0x0000000082400000, 0x0000000082400000, 0x0000000082500000|  0%| F|  |TAMS 0x0000000082400000, 0x0000000082400000| Untracked 
|  13|0x0000000082500000, 0x0000000082500000, 0x0000000082600000|  0%| F|  |TAMS 0x0000000082500000, 0x0000000082500000| Untracked 
|  14|0x0000000082600000, 0x0000000082600000, 0x0000000082700000|  0%| F|  |TAMS 0x0000000082600000, 0x0000000082600000| Untracked 
|  15|0x0000000082700000, 0x0000000082700000, 0x0000000082800000|  0%| F|  |TAMS 0x0000000082700000, 0x0000000082700000| Untracked 
|  16|0x0000000082800000, 0x0000000082800000, 0x0000000082900000|  0%| F|  |TAMS 0x0000000082800000, 0x0000000082800000| Untracked 
|  17|0x0000000082900000, 0x0000000082900000, 0x0000000082a00000|  0%| F|  |TAMS 0x0000000082900000, 0x0000000082900000| Untracked 
|  18|0x0000000082a00000, 0x0000000082a00000, 0x0000000082b00000|  0%| F|  |TAMS 0x0000000082a00000, 0x0000000082a00000| Untracked 
|  19|0x0000000082b00000, 0x0000000082b00000, 0x0000000082c00000|  0%| F|  |TAMS 0x0000000082b00000, 0x0000000082b00000| Untracked 
|  20|0x0000000082c00000, 0x0000000082c00000, 0x0000000082d00000|  0%| F|  |TAMS 0x0000000082c00000, 0x0000000082c00000| Untracked 
|  21|0x0000000082d00000, 0x0000000082d00000, 0x0000000082e00000|  0%| F|  |TAMS 0x0000000082d00000, 0x0000000082d00000| Untracked 
|  22|0x0000000082e00000, 0x0000000082e00000, 0x0000000082f00000|  0%| F|  |TAMS 0x0000000082e00000, 0x0000000082e00000| Untracked 
|  23|0x0000000082f00000, 0x0000000082f00000, 0x0000000083000000|  0%| F|  |TAMS 0x0000000082f00000, 0x0000000082f00000| Untracked 
|  24|0x0000000083000000, 0x0000000083000000, 0x0000000083100000|  0%| F|  |TAMS 0x0000000083000000, 0x0000000083000000| Untracked 
|  25|0x0000000083100000, 0x0000000083100000, 0x0000000083200000|  0%| F|  |TAMS 0x0000000083100000, 0x0000000083100000| Untracked 
|  26|0x0000000083200000, 0x0000000083200000, 0x0000000083300000|  0%| F|  |TAMS 0x0000000083200000, 0x0000000083200000| Untracked 
|  27|0x0000000083300000, 0x0000000083300000, 0x0000000083400000|  0%| F|  |TAMS 0x0000000083300000, 0x0000000083300000| Untracked 
|  28|0x0000000083400000, 0x0000000083400000, 0x0000000083500000|  0%| F|  |TAMS 0x0000000083400000, 0x0000000083400000| Untracked 
|  29|0x0000000083500000, 0x0000000083500000, 0x0000000083600000|  0%| F|  |TAMS 0x0000000083500000, 0x0000000083500000| Untracked 
|  30|0x0000000083600000, 0x0000000083600000, 0x0000000083700000|  0%| F|  |TAMS 0x0000000083600000, 0x0000000083600000| Untracked 
|  31|0x0000000083700000, 0x0000000083700000, 0x0000000083800000|  0%| F|  |TAMS 0x0000000083700000, 0x0000000083700000| Untracked 
|  32|0x0000000083800000, 0x0000000083800000, 0x0000000083900000|  0%| F|  |TAMS 0x0000000083800000, 0x0000000083800000| Untracked 
|  33|0x0000000083900000, 0x0000000083900000, 0x0000000083a00000|  0%| F|  |TAMS 0x0000000083900000, 0x0000000083900000| Untracked 
|  34|0x0000000083a00000, 0x0000000083a00000, 0x0000000083b00000|  0%| F|  |TAMS 0x0000000083a00000, 0x0000000083a00000| Untracked 
|  35|0x0000000083b00000, 0x0000000083b00000, 0x0000000083c00000|  0%| F|  |TAMS 0x0000000083b00000, 0x0000000083b00000| Untracked 
|  36|0x0000000083c00000, 0x0000000083c00000, 0x0000000083d00000|  0%| F|  |TAMS 0x0000000083c00000, 0x0000000083c00000| Untracked 
|  37|0x0000000083d00000, 0x0000000083d00000, 0x0000000083e00000|  0%| F|  |TAMS 0x0000000083d00000, 0x0000000083d00000| Untracked 
|  38|0x0000000083e00000, 0x0000000083e00000, 0x0000000083f00000|  0%| F|  |TAMS 0x0000000083e00000, 0x0000000083e00000| Untracked 
|  39|0x0000000083f00000, 0x0000000083f00000, 0x0000000084000000|  0%| F|  |TAMS 0x0000000083f00000, 0x0000000083f00000| Untracked 
|  40|0x0000000084000000, 0x0000000084000000, 0x0000000084100000|  0%| F|  |TAMS 0x0000000084000000, 0x0000000084000000| Untracked 
|  41|0x0000000084100000, 0x0000000084100000, 0x0000000084200000|  0%| F|  |TAMS 0x0000000084100000, 0x0000000084100000| Untracked 
|  42|0x0000000084200000, 0x0000000084200000, 0x0000000084300000|  0%| F|  |TAMS 0x0000000084200000, 0x0000000084200000| Untracked 
|  43|0x0000000084300000, 0x0000000084300000, 0x0000000084400000|  0%| F|  |TAMS 0x0000000084300000, 0x0000000084300000| Untracked 
|  44|0x0000000084400000, 0x0000000084400000, 0x0000000084500000|  0%| F|  |TAMS 0x0000000084400000, 0x0000000084400000| Untracked 
|  45|0x0000000084500000, 0x0000000084500000, 0x0000000084600000|  0%| F|  |TAMS 0x0000000084500000, 0x0000000084500000| Untracked 
|  46|0x0000000084600000, 0x0000000084600000, 0x0000000084700000|  0%| F|  |TAMS 0x0000000084600000, 0x0000000084600000| Untracked 
|  47|0x0000000084700000, 0x0000000084700000, 0x0000000084800000|  0%| F|  |TAMS 0x0000000084700000, 0x0000000084700000| Untracked 
|  48|0x0000000084800000, 0x0000000084800000, 0x0000000084900000|  0%| F|  |TAMS 0x0000000084800000, 0x0000000084800000| Untracked 
|  49|0x0000000084900000, 0x0000000084900000, 0x0000000084a00000|  0%| F|  |TAMS 0x0000000084900000, 0x0000000084900000| Untracked 
|  50|0x0000000084a00000, 0x0000000084a00000, 0x0000000084b00000|  0%| F|  |TAMS 0x0000000084a00000, 0x0000000084a00000| Untracked 
|  51|0x0000000084b00000, 0x0000000084b00000, 0x0000000084c00000|  0%| F|  |TAMS 0x0000000084b00000, 0x0000000084b00000| Untracked 
|  52|0x0000000084c00000, 0x0000000084c00000, 0x0000000084d00000|  0%| F|  |TAMS 0x0000000084c00000, 0x0000000084c00000| Untracked 
|  53|0x0000000084d00000, 0x0000000084d00000, 0x0000000084e00000|  0%| F|  |TAMS 0x0000000084d00000, 0x0000000084d00000| Untracked 
|  54|0x0000000084e00000, 0x0000000084e00000, 0x0000000084f00000|  0%| F|  |TAMS 0x0000000084e00000, 0x0000000084e00000| Untracked 
|  55|0x0000000084f00000, 0x0000000084f00000, 0x0000000085000000|  0%| F|  |TAMS 0x0000000084f00000, 0x0000000084f00000| Untracked 
|  56|0x0000000085000000, 0x0000000085000000, 0x0000000085100000|  0%| F|  |TAMS 0x0000000085000000, 0x0000000085000000| Untracked 
|  57|0x0000000085100000, 0x0000000085100000, 0x0000000085200000|  0%| F|  |TAMS 0x0000000085100000, 0x0000000085100000| Untracked 
|  58|0x0000000085200000, 0x0000000085200000, 0x0000000085300000|  0%| F|  |TAMS 0x0000000085200000, 0x0000000085200000| Untracked 
|  59|0x0000000085300000, 0x0000000085300000, 0x0000000085400000|  0%| F|  |TAMS 0x0000000085300000, 0x0000000085300000| Untracked 
|  60|0x0000000085400000, 0x0000000085400000, 0x0000000085500000|  0%| F|  |TAMS 0x0000000085400000, 0x0000000085400000| Untracked 
|  61|0x0000000085500000, 0x0000000085500000, 0x0000000085600000|  0%| F|  |TAMS 0x0000000085500000, 0x0000000085500000| Untracked 
|  62|0x0000000085600000, 0x0000000085600000, 0x0000000085700000|  0%| F|  |TAMS 0x0000000085600000, 0x0000000085600000| Untracked 
|  63|0x0000000085700000, 0x0000000085700000, 0x0000000085800000|  0%| F|  |TAMS 0x0000000085700000, 0x0000000085700000| Untracked 
|  64|0x0000000085800000, 0x0000000085800000, 0x0000000085900000|  0%| F|  |TAMS 0x0000000085800000, 0x0000000085800000| Untracked 
|  65|0x0000000085900000, 0x0000000085900000, 0x0000000085a00000|  0%| F|  |TAMS 0x0000000085900000, 0x0000000085900000| Untracked 
|  66|0x0000000085a00000, 0x0000000085a00000, 0x0000000085b00000|  0%| F|  |TAMS 0x0000000085a00000, 0x0000000085a00000| Untracked 
|  67|0x0000000085b00000, 0x0000000085b00000, 0x0000000085c00000|  0%| F|  |TAMS 0x0000000085b00000, 0x0000000085b00000| Untracked 
|  68|0x0000000085c00000, 0x0000000085c00000, 0x0000000085d00000|  0%| F|  |TAMS 0x0000000085c00000, 0x0000000085c00000| Untracked 
|  69|0x0000000085d00000, 0x0000000085d00000, 0x0000000085e00000|  0%| F|  |TAMS 0x0000000085d00000, 0x0000000085d00000| Untracked 
|  70|0x0000000085e00000, 0x0000000085e00000, 0x0000000085f00000|  0%| F|  |TAMS 0x0000000085e00000, 0x0000000085e00000| Untracked 
|  71|0x0000000085f00000, 0x0000000085f00000, 0x0000000086000000|  0%| F|  |TAMS 0x0000000085f00000, 0x0000000085f00000| Untracked 
|  72|0x0000000086000000, 0x0000000086000000, 0x0000000086100000|  0%| F|  |TAMS 0x0000000086000000, 0x0000000086000000| Untracked 
|  73|0x0000000086100000, 0x0000000086100000, 0x0000000086200000|  0%| F|  |TAMS 0x0000000086100000, 0x0000000086100000| Untracked 
|  74|0x0000000086200000, 0x0000000086200000, 0x0000000086300000|  0%| F|  |TAMS 0x0000000086200000, 0x0000000086200000| Untracked 
|  75|0x0000000086300000, 0x0000000086300000, 0x0000000086400000|  0%| F|  |TAMS 0x0000000086300000, 0x0000000086300000| Untracked 
|  76|0x0000000086400000, 0x0000000086400000, 0x0000000086500000|  0%| F|  |TAMS 0x0000000086400000, 0x0000000086400000| Untracked 
|  77|0x0000000086500000, 0x0000000086500000, 0x0000000086600000|  0%| F|  |TAMS 0x0000000086500000, 0x0000000086500000| Untracked 
|  78|0x0000000086600000, 0x0000000086600000, 0x0000000086700000|  0%| F|  |TAMS 0x0000000086600000, 0x0000000086600000| Untracked 
|  79|0x0000000086700000, 0x0000000086700000, 0x0000000086800000|  0%| F|  |TAMS 0x0000000086700000, 0x0000000086700000| Untracked 
|  80|0x0000000086800000, 0x0000000086800000, 0x0000000086900000|  0%| F|  |TAMS 0x0000000086800000, 0x0000000086800000| Untracked 
|  81|0x0000000086900000, 0x0000000086900000, 0x0000000086a00000|  0%| F|  |TAMS 0x0000000086900000, 0x0000000086900000| Untracked 
|  82|0x0000000086a00000, 0x0000000086a43860, 0x0000000086b00000| 26%| S|CS|TAMS 0x0000000086a00000, 0x0000000086a00000| Complete 
|  83|0x0000000086b00000, 0x0000000086c00000, 0x0000000086c00000|100%| S|CS|TAMS 0x0000000086b00000, 0x0000000086b00000| Complete 
|  84|0x0000000086c00000, 0x0000000086d00000, 0x0000000086d00000|100%| S|CS|TAMS 0x0000000086c00000, 0x0000000086c00000| Complete 
|  85|0x0000000086d00000, 0x0000000086e00000, 0x0000000086e00000|100%| S|CS|TAMS 0x0000000086d00000, 0x0000000086d00000| Complete 
|  86|0x0000000086e00000, 0x0000000086f00000, 0x0000000086f00000|100%| S|CS|TAMS 0x0000000086e00000, 0x0000000086e00000| Complete 
|  87|0x0000000086f00000, 0x0000000087000000, 0x0000000087000000|100%| S|CS|TAMS 0x0000000086f00000, 0x0000000086f00000| Complete 
|  88|0x0000000087000000, 0x0000000087100000, 0x0000000087100000|100%| S|CS|TAMS 0x0000000087000000, 0x0000000087000000| Complete 
|  89|0x0000000087100000, 0x0000000087200000, 0x0000000087200000|100%| S|CS|TAMS 0x0000000087100000, 0x0000000087100000| Complete 
|  90|0x0000000087200000, 0x0000000087200000, 0x0000000087300000|  0%| F|  |TAMS 0x0000000087200000, 0x0000000087200000| Untracked 
|  91|0x0000000087300000, 0x0000000087300000, 0x0000000087400000|  0%| F|  |TAMS 0x0000000087300000, 0x0000000087300000| Untracked 
|  92|0x0000000087400000, 0x0000000087400000, 0x0000000087500000|  0%| F|  |TAMS 0x0000000087400000, 0x0000000087400000| Untracked 
|  93|0x0000000087500000, 0x0000000087500000, 0x0000000087600000|  0%| F|  |TAMS 0x0000000087500000, 0x0000000087500000| Untracked 
|  94|0x0000000087600000, 0x0000000087600000, 0x0000000087700000|  0%| F|  |TAMS 0x0000000087600000, 0x0000000087600000| Untracked 
|  95|0x0000000087700000, 0x0000000087700000, 0x0000000087800000|  0%| F|  |TAMS 0x0000000087700000, 0x0000000087700000| Untracked 
|  96|0x0000000087800000, 0x0000000087900000, 0x0000000087900000|100%| E|  |TAMS 0x0000000087800000, 0x0000000087800000| Complete 
|  97|0x0000000087900000, 0x0000000087a00000, 0x0000000087a00000|100%| E|CS|TAMS 0x0000000087900000, 0x0000000087900000| Complete 
|  98|0x0000000087a00000, 0x0000000087b00000, 0x0000000087b00000|100%| E|CS|TAMS 0x0000000087a00000, 0x0000000087a00000| Complete 
|  99|0x0000000087b00000, 0x0000000087c00000, 0x0000000087c00000|100%| E|CS|TAMS 0x0000000087b00000, 0x0000000087b00000| Complete 
| 100|0x0000000087c00000, 0x0000000087d00000, 0x0000000087d00000|100%| E|CS|TAMS 0x0000000087c00000, 0x0000000087c00000| Complete 
| 101|0x0000000087d00000, 0x0000000087e00000, 0x0000000087e00000|100%| E|CS|TAMS 0x0000000087d00000, 0x0000000087d00000| Complete 
| 102|0x0000000087e00000, 0x0000000087f00000, 0x0000000087f00000|100%| E|CS|TAMS 0x0000000087e00000, 0x0000000087e00000| Complete 
| 103|0x0000000087f00000, 0x0000000088000000, 0x0000000088000000|100%| E|CS|TAMS 0x0000000087f00000, 0x0000000087f00000| Complete 
| 104|0x0000000088000000, 0x0000000088100000, 0x0000000088100000|100%| E|CS|TAMS 0x0000000088000000, 0x0000000088000000| Complete 
| 105|0x0000000088100000, 0x0000000088200000, 0x0000000088200000|100%| E|CS|TAMS 0x0000000088100000, 0x0000000088100000| Complete 
| 106|0x0000000088200000, 0x0000000088300000, 0x0000000088300000|100%| E|CS|TAMS 0x0000000088200000, 0x0000000088200000| Complete 
| 107|0x0000000088300000, 0x0000000088400000, 0x0000000088400000|100%| E|CS|TAMS 0x0000000088300000, 0x0000000088300000| Complete 
| 108|0x0000000088400000, 0x0000000088500000, 0x0000000088500000|100%| E|CS|TAMS 0x0000000088400000, 0x0000000088400000| Complete 
| 109|0x0000000088500000, 0x0000000088600000, 0x0000000088600000|100%| E|CS|TAMS 0x0000000088500000, 0x0000000088500000| Complete 
| 110|0x0000000088600000, 0x0000000088700000, 0x0000000088700000|100%| E|CS|TAMS 0x0000000088600000, 0x0000000088600000| Complete 
| 111|0x0000000088700000, 0x0000000088800000, 0x0000000088800000|100%| E|CS|TAMS 0x0000000088700000, 0x0000000088700000| Complete 
| 112|0x0000000088800000, 0x0000000088900000, 0x0000000088900000|100%| E|CS|TAMS 0x0000000088800000, 0x0000000088800000| Complete 
| 113|0x0000000088900000, 0x0000000088a00000, 0x0000000088a00000|100%| E|CS|TAMS 0x0000000088900000, 0x0000000088900000| Complete 
| 114|0x0000000088a00000, 0x0000000088b00000, 0x0000000088b00000|100%| E|CS|TAMS 0x0000000088a00000, 0x0000000088a00000| Complete 
| 115|0x0000000088b00000, 0x0000000088c00000, 0x0000000088c00000|100%| E|CS|TAMS 0x0000000088b00000, 0x0000000088b00000| Complete 
| 116|0x0000000088c00000, 0x0000000088d00000, 0x0000000088d00000|100%| E|CS|TAMS 0x0000000088c00000, 0x0000000088c00000| Complete 
| 117|0x0000000088d00000, 0x0000000088e00000, 0x0000000088e00000|100%| E|CS|TAMS 0x0000000088d00000, 0x0000000088d00000| Complete 
| 118|0x0000000088e00000, 0x0000000088f00000, 0x0000000088f00000|100%| E|CS|TAMS 0x0000000088e00000, 0x0000000088e00000| Complete 
| 119|0x0000000088f00000, 0x0000000089000000, 0x0000000089000000|100%| E|CS|TAMS 0x0000000088f00000, 0x0000000088f00000| Complete 
| 120|0x0000000089000000, 0x0000000089100000, 0x0000000089100000|100%| E|CS|TAMS 0x0000000089000000, 0x0000000089000000| Complete 
| 121|0x0000000089100000, 0x0000000089200000, 0x0000000089200000|100%| E|CS|TAMS 0x0000000089100000, 0x0000000089100000| Complete 
| 122|0x0000000089200000, 0x0000000089300000, 0x0000000089300000|100%| E|CS|TAMS 0x0000000089200000, 0x0000000089200000| Complete 
| 123|0x0000000089300000, 0x0000000089400000, 0x0000000089400000|100%| E|CS|TAMS 0x0000000089300000, 0x0000000089300000| Complete 
| 124|0x0000000089400000, 0x0000000089500000, 0x0000000089500000|100%| E|CS|TAMS 0x0000000089400000, 0x0000000089400000| Complete 
| 125|0x0000000089500000, 0x0000000089600000, 0x0000000089600000|100%| E|CS|TAMS 0x0000000089500000, 0x0000000089500000| Complete 
| 126|0x0000000089600000, 0x0000000089700000, 0x0000000089700000|100%| E|CS|TAMS 0x0000000089600000, 0x0000000089600000| Complete 
| 127|0x0000000089700000, 0x0000000089800000, 0x0000000089800000|100%| E|CS|TAMS 0x0000000089700000, 0x0000000089700000| Complete 

Card table byte_map: [0x0000016374510000,0x0000016374910000] _byte_map_base: 0x0000016374104000

Marking Bits (Prev, Next): (CMBitMap*) 0x000001635abaf638, (CMBitMap*) 0x000001635abaf670
 Prev Bits: [0x0000016374d10000, 0x0000016376cb0000)
 Next Bits: [0x0000016376cb0000, 0x0000016378c50000)

Polling page: 0x000001635aa20000

Metaspace:

Usage:
  Non-class:     32.66 MB capacity,    31.86 MB ( 98%) used,   672.77 KB (  2%) free+waste,   145.25 KB ( <1%) overhead. 
      Class:      4.99 MB capacity,     4.48 MB ( 90%) used,   448.45 KB (  9%) free+waste,    71.56 KB (  1%) overhead. 
       Both:     37.64 MB capacity,    36.34 MB ( 97%) used,     1.09 MB (  3%) free+waste,   216.81 KB ( <1%) overhead. 

Virtual space:
  Non-class space:       34.00 MB reserved,      32.67 MB ( 96%) committed 
      Class space:        1.00 GB reserved,       5.00 MB ( <1%) committed 
             Both:        1.03 GB reserved,      37.67 MB (  4%) committed 

Chunk freelists:
   Non-Class:  2.00 KB
       Class:  0 bytes
        Both:  2.00 KB

CodeHeap 'non-profiled nmethods': size=238336Kb used=6267Kb max_used=6267Kb free=232068Kb
 bounds [0x0000016364de0000, 0x0000016365400000, 0x00000163736a0000]
CodeHeap 'non-nmethods': size=7424Kb used=1249Kb max_used=1249Kb free=6174Kb
 bounds [0x00000163646a0000, 0x0000016364910000, 0x0000016364de0000]
 total_blobs=4198 nmethods=3679 adapters=437
 compilation: enabled
              stopped_count=0, restarted_count=0
 full_count=0

Compilation events (10 events):
Event: 32.806 Thread 0x000001637b767000 3674       1       java.lang.invoke.VarHandleObjects$FieldInstanceReadWrite::set (30 bytes)
Event: 32.806 Thread 0x000001637b767000 nmethod 3674 0x00000163653fd410 code [0x00000163653fd640, 0x00000163653fdaf0]
Event: 32.807 Thread 0x000001637b767000 3675       1       java.util.EventObject::<init> (24 bytes)
Event: 32.807 Thread 0x000001637b767000 nmethod 3675 0x00000163653fde10 code [0x00000163653fdfe0, 0x00000163653fe230]
Event: 35.363 Thread 0x000001637b767000 3677       1       java.util.concurrent.locks.LockSupport::setBlocker (12 bytes)
Event: 35.363 Thread 0x000001637b767000 nmethod 3677 0x00000163653fe310 code [0x00000163653fe4c0, 0x00000163653fe618]
Event: 35.373 Thread 0x000001637b767000 3678       1       java.nio.channels.spi.AbstractSelector::cancelledKeys (5 bytes)
Event: 35.374 Thread 0x000001637b767000 nmethod 3678 0x00000163653fe690 code [0x00000163653fe840, 0x00000163653fe958]
Event: 37.363 Thread 0x000001637b767000 3679       1       java.util.concurrent.ScheduledThreadPoolExecutor$DelayedWorkQueue::setIndex (16 bytes)
Event: 37.363 Thread 0x000001637b767000 nmethod 3679 0x00000163653fea10 code [0x00000163653febc0, 0x00000163653fed38]

GC Heap History (10 events):
Event: 1.223 GC heap before
{Heap before GC invocations=0 (full 0):
 garbage-first heap   total 131072K, used 24576K [0x0000000081800000, 0x0000000100000000)
  region size 1024K, 24 young (24576K), 0 survivors (0K)
 Metaspace       used 15116K, capacity 15586K, committed 15616K, reserved 1062912K
  class space    used 1622K, capacity 1789K, committed 1792K, reserved 1048576K
}
Event: 1.230 GC heap after
{Heap after GC invocations=1 (full 0):
 garbage-first heap   total 131072K, used 5636K [0x0000000081800000, 0x0000000100000000)
  region size 1024K, 3 young (3072K), 3 survivors (3072K)
 Metaspace       used 15116K, capacity 15586K, committed 15616K, reserved 1062912K
  class space    used 1622K, capacity 1789K, committed 1792K, reserved 1048576K
}
Event: 1.427 GC heap before
{Heap before GC invocations=1 (full 0):
 garbage-first heap   total 131072K, used 24068K [0x0000000081800000, 0x0000000100000000)
  region size 1024K, 21 young (21504K), 3 survivors (3072K)
 Metaspace       used 18742K, capacity 19331K, committed 19584K, reserved 1067008K
  class space    used 2090K, capacity 2313K, committed 2432K, reserved 1048576K
}
Event: 1.431 GC heap after
{Heap after GC invocations=2 (full 0):
 garbage-first heap   total 131072K, used 7074K [0x0000000081800000, 0x0000000100000000)
  region size 1024K, 2 young (2048K), 2 survivors (2048K)
 Metaspace       used 18742K, capacity 19331K, committed 19584K, reserved 1067008K
  class space    used 2090K, capacity 2313K, committed 2432K, reserved 1048576K
}
Event: 1.523 GC heap before
{Heap before GC invocations=2 (full 0):
 garbage-first heap   total 131072K, used 18338K [0x0000000081800000, 0x0000000100000000)
  region size 1024K, 14 young (14336K), 2 survivors (2048K)
 Metaspace       used 20586K, capacity 21222K, committed 21296K, reserved 1069056K
  class space    used 2446K, capacity 2685K, committed 2688K, reserved 1048576K
}
Event: 1.527 GC heap after
{Heap after GC invocations=3 (full 0):
 garbage-first heap   total 131072K, used 7683K [0x0000000081800000, 0x0000000100000000)
  region size 1024K, 2 young (2048K), 2 survivors (2048K)
 Metaspace       used 20586K, capacity 21222K, committed 21296K, reserved 1069056K
  class space    used 2446K, capacity 2685K, committed 2688K, reserved 1048576K
}
Event: 2.225 GC heap before
{Heap before GC invocations=4 (full 0):
 garbage-first heap   total 131072K, used 65027K [0x0000000081800000, 0x0000000100000000)
  region size 1024K, 59 young (60416K), 2 survivors (2048K)
 Metaspace       used 28742K, capacity 29730K, committed 30000K, reserved 1075200K
  class space    used 3501K, capacity 3899K, committed 3968K, reserved 1048576K
}
Event: 2.231 GC heap after
{Heap after GC invocations=5 (full 0):
 garbage-first heap   total 131072K, used 10193K [0x0000000081800000, 0x0000000100000000)
  region size 1024K, 5 young (5120K), 5 survivors (5120K)
 Metaspace       used 28742K, capacity 29730K, committed 30000K, reserved 1075200K
  class space    used 3501K, capacity 3899K, committed 3968K, reserved 1048576K
}
Event: 2.953 GC heap before
{Heap before GC invocations=5 (full 0):
 garbage-first heap   total 131072K, used 48081K [0x0000000081800000, 0x0000000100000000)
  region size 1024K, 43 young (44032K), 5 survivors (5120K)
 Metaspace       used 34436K, capacity 35630K, committed 35708K, reserved 1081344K
  class space    used 4228K, capacity 4733K, committed 4736K, reserved 1048576K
}
Event: 2.960 GC heap after
{Heap after GC invocations=6 (full 0):
 garbage-first heap   total 131072K, used 13210K [0x0000000081800000, 0x0000000100000000)
  region size 1024K, 8 young (8192K), 8 survivors (8192K)
 Metaspace       used 34436K, capacity 35630K, committed 35708K, reserved 1081344K
  class space    used 4228K, capacity 4733K, committed 4736K, reserved 1048576K
}

Deoptimization events (0 events):
No events

Classes redefined (0 events):
No events

Internal exceptions (10 events):
Event: 31.741 Thread 0x000001637d7da000 Exception <a 'java/lang/ClassNotFoundException'{0x0000000087882de0}: org/springframework/context/support/LiveBeansView> (0x0000000087882de0) thrown at [t:/workspace/open/src/hotspot/share/classfile/systemDictionary.cpp, line 231]
Event: 31.742 Thread 0x000001637d7da000 Exception <a 'java/lang/ClassNotFoundException'{0x00000000878831a0}: org/springframework/context/support/LiveBeansView> (0x00000000878831a0) thrown at [t:/workspace/open/src/hotspot/share/classfile/systemDictionary.cpp, line 231]
Event: 31.742 Thread 0x000001637d7da000 Exception <a 'java/lang/ClassNotFoundException'{0x0000000087883560}: org/springframework/context/support/LiveBeansView> (0x0000000087883560) thrown at [t:/workspace/open/src/hotspot/share/classfile/systemDictionary.cpp, line 231]
Event: 31.742 Thread 0x000001637d7da000 Exception <a 'java/lang/ClassNotFoundException'{0x0000000087883900}: org/springframework/context/support/LiveBeansView> (0x0000000087883900) thrown at [t:/workspace/open/src/hotspot/share/classfile/systemDictionary.cpp, line 231]
Event: 31.742 Thread 0x000001637d7da000 Exception <a 'java/lang/ClassNotFoundException'{0x0000000087883cb8}: org/springframework/context/support/LiveBeansView> (0x0000000087883cb8) thrown at [t:/workspace/open/src/hotspot/share/classfile/systemDictionary.cpp, line 231]
Event: 31.742 Thread 0x000001637d7da000 Exception <a 'java/lang/ClassNotFoundException'{0x0000000087884060}: org/springframework/context/support/LiveBeansView> (0x0000000087884060) thrown at [t:/workspace/open/src/hotspot/share/classfile/systemDictionary.cpp, line 231]
Event: 31.744 Thread 0x000001637d7da000 Exception <a 'java/lang/ClassNotFoundException'{0x00000000878bbc58}: org/springframework/context/support/LiveBeansView> (0x00000000878bbc58) thrown at [t:/workspace/open/src/hotspot/share/classfile/systemDictionary.cpp, line 231]
Event: 31.744 Thread 0x000001637d7da000 Exception <a 'java/lang/ClassNotFoundException'{0x00000000878bc020}: org/springframework/context/support/LiveBeansView> (0x00000000878bc020) thrown at [t:/workspace/open/src/hotspot/share/classfile/systemDictionary.cpp, line 231]
Event: 31.744 Thread 0x000001637d7da000 Exception <a 'java/lang/ClassNotFoundException'{0x00000000878bc3d0}: org/springframework/context/support/LiveBeansView> (0x00000000878bc3d0) thrown at [t:/workspace/open/src/hotspot/share/classfile/systemDictionary.cpp, line 231]
Event: 31.744 Thread 0x000001637d7da000 Exception <a 'java/lang/ClassNotFoundException'{0x00000000878bc780}: org/springframework/context/support/LiveBeansView> (0x00000000878bc780) thrown at [t:/workspace/open/src/hotspot/share/classfile/systemDictionary.cpp, line 231]

Events (10 events):
Event: 31.744 loading class org/springframework/context/support/LiveBeansView
Event: 31.744 loading class org/springframework/context/support/LiveBeansView done
Event: 31.744 Thread 0x000001637d7da000 DEOPT PACKING pc=0x0000016364f3a274 sp=0x000000029a6fad20
Event: 31.744 Thread 0x000001637d7da000 DEOPT UNPACKING pc=0x00000163646dd44e sp=0x000000029a6fa1f8 mode 1
Event: 31.744 Thread 0x000001637d7da000 DEOPT PACKING pc=0x00000163653ccb74 sp=0x000000029a6fadc0
Event: 31.744 Thread 0x000001637d7da000 DEOPT UNPACKING pc=0x00000163646dd44e sp=0x000000029a6fa360 mode 1
Event: 31.746 Executing VM operation: RevokeBias
Event: 31.746 Executing VM operation: RevokeBias done
Event: 31.746 Thread 0x000001637d7f6000 Thread exited: 0x000001637d7f6000
Event: 39.827 Executing VM operation: RedefineClasses


Dynamic libraries:
0x00007ff769a90000 - 0x00007ff769ad7000 	C:\Program Files\Java\jdk-11.0.6\bin\javaw.exe
0x00007ffde4fe0000 - 0x00007ffde51d0000 	C:\WINDOWS\SYSTEM32\ntdll.dll
0x00007ffde43e0000 - 0x00007ffde4492000 	C:\WINDOWS\System32\KERNEL32.DLL
0x00007ffde2be0000 - 0x00007ffde2e83000 	C:\WINDOWS\System32\KERNELBASE.dll
0x00007ffde3bf0000 - 0x00007ffde3c93000 	C:\WINDOWS\System32\ADVAPI32.dll
0x00007ffde44d0000 - 0x00007ffde456e000 	C:\WINDOWS\System32\msvcrt.dll
0x00007ffde3090000 - 0x00007ffde3127000 	C:\WINDOWS\System32\sechost.dll
0x00007ffde3850000 - 0x00007ffde3970000 	C:\WINDOWS\System32\RPCRT4.dll
0x00007ffde4d20000 - 0x00007ffde4eb4000 	C:\WINDOWS\System32\USER32.dll
0x00007ffde3060000 - 0x00007ffde3081000 	C:\WINDOWS\System32\win32u.dll
0x00007ffde3820000 - 0x00007ffde3846000 	C:\WINDOWS\System32\GDI32.dll
0x00007ffde2940000 - 0x00007ffde2ad4000 	C:\WINDOWS\System32\gdi32full.dll
0x00007ffde1f70000 - 0x00007ffde200e000 	C:\WINDOWS\System32\msvcp_win.dll
0x00007ffde2ec0000 - 0x00007ffde2fba000 	C:\WINDOWS\System32\ucrtbase.dll
0x00007ffdd1130000 - 0x00007ffdd13b5000 	C:\WINDOWS\WinSxS\amd64_microsoft.windows.common-controls_6595b64144ccf1df_6.0.18362.778_none_e6c6b761130d4fb8\COMCTL32.dll
0x00007ffddb2e0000 - 0x00007ffddb2ea000 	C:\WINDOWS\SYSTEM32\VERSION.dll
0x00007ffde49e0000 - 0x00007ffde4d16000 	C:\WINDOWS\System32\combase.dll
0x00007ffde2fe0000 - 0x00007ffde3060000 	C:\WINDOWS\System32\bcryptPrimitives.dll
0x00007ffde44a0000 - 0x00007ffde44ce000 	C:\WINDOWS\System32\IMM32.DLL
0x00007ffdde250000 - 0x00007ffdde266000 	C:\Program Files\Java\jdk-11.0.6\bin\vcruntime140.dll
0x00007ffdd27f0000 - 0x00007ffdd289a000 	C:\Program Files\Java\jdk-11.0.6\bin\msvcp140.dll
0x00007ffda4410000 - 0x00007ffda4f39000 	C:\Program Files\Java\jdk-11.0.6\bin\server\jvm.dll
0x00007ffde4ec0000 - 0x00007ffde4ec8000 	C:\WINDOWS\System32\PSAPI.DLL
0x00007ffddfad0000 - 0x00007ffddfaf4000 	C:\WINDOWS\SYSTEM32\WINMM.dll
0x00007ffdd1880000 - 0x00007ffdd1889000 	C:\WINDOWS\SYSTEM32\WSOCK32.dll
0x00007ffde3a20000 - 0x00007ffde3a8f000 	C:\WINDOWS\System32\WS2_32.dll
0x00007ffddfaa0000 - 0x00007ffddfacd000 	C:\WINDOWS\SYSTEM32\winmmbase.dll
0x00007ffde2ae0000 - 0x00007ffde2b2a000 	C:\WINDOWS\System32\cfgmgr32.dll
0x00007ffde1f50000 - 0x00007ffde1f61000 	C:\WINDOWS\System32\kernel.appcore.dll
0x00007ffdde330000 - 0x00007ffdde341000 	C:\Program Files\Java\jdk-11.0.6\bin\verify.dll
0x00007ffde07b0000 - 0x00007ffde09a4000 	C:\WINDOWS\SYSTEM32\DBGHELP.DLL
0x00007ffdce2a0000 - 0x00007ffdce2ca000 	C:\WINDOWS\SYSTEM32\dbgcore.DLL
0x00007ffdd3420000 - 0x00007ffdd3449000 	C:\Program Files\Java\jdk-11.0.6\bin\java.dll
0x00007ffdbbc10000 - 0x00007ffdbbc47000 	C:\Program Files\Java\jdk-11.0.6\bin\jdwp.dll
0x00007ffdd36c0000 - 0x00007ffdd36d6000 	C:\Program Files\Java\jdk-11.0.6\bin\zip.dll
0x00007ffdde320000 - 0x00007ffdde32a000 	C:\Program Files\Java\jdk-11.0.6\bin\jimage.dll
0x00007ffde3130000 - 0x00007ffde3815000 	C:\WINDOWS\System32\SHELL32.dll
0x00007ffde3970000 - 0x00007ffde3a19000 	C:\WINDOWS\System32\shcore.dll
0x00007ffde21c0000 - 0x00007ffde2940000 	C:\WINDOWS\System32\windows.storage.dll
0x00007ffde1f20000 - 0x00007ffde1f43000 	C:\WINDOWS\System32\profapi.dll
0x00007ffde1ed0000 - 0x00007ffde1f1a000 	C:\WINDOWS\System32\powrprof.dll
0x00007ffde1ea0000 - 0x00007ffde1eb0000 	C:\WINDOWS\System32\UMPDC.dll
0x00007ffde3a90000 - 0x00007ffde3ae2000 	C:\WINDOWS\System32\shlwapi.dll
0x00007ffde2fc0000 - 0x00007ffde2fd7000 	C:\WINDOWS\System32\cryptsp.dll
0x00007ffdddcc0000 - 0x00007ffdddcca000 	C:\Program Files\Java\jdk-11.0.6\bin\dt_socket.dll
0x00007ffde16b0000 - 0x00007ffde1717000 	C:\WINDOWS\System32\mswsock.dll
0x00007ffde1400000 - 0x00007ffde14ca000 	C:\WINDOWS\SYSTEM32\DNSAPI.dll
0x00007ffde3b70000 - 0x00007ffde3b78000 	C:\WINDOWS\System32\NSI.dll
0x00007ffde13c0000 - 0x00007ffde13fa000 	C:\WINDOWS\SYSTEM32\IPHLPAPI.DLL
0x00007ffdd7f50000 - 0x00007ffdd7fc7000 	C:\WINDOWS\System32\fwpuclnt.dll
0x00007ffde2e90000 - 0x00007ffde2eb6000 	C:\WINDOWS\System32\bcrypt.dll
0x00007ffddb3d0000 - 0x00007ffddb3da000 	C:\Windows\System32\rasadhlp.dll
0x00007ffdd35b0000 - 0x00007ffdd35c9000 	C:\Program Files\Java\jdk-11.0.6\bin\net.dll
0x00007ffdda620000 - 0x00007ffdda710000 	C:\WINDOWS\SYSTEM32\WINHTTP.dll
0x00007ffdd3170000 - 0x00007ffdd3183000 	C:\Program Files\Java\jdk-11.0.6\bin\nio.dll
0x00007ffdd9120000 - 0x00007ffdd9129000 	C:\Program Files\Java\jdk-11.0.6\bin\management.dll
0x00007ffdd33e0000 - 0x00007ffdd33ec000 	C:\Program Files\Java\jdk-11.0.6\bin\management_ext.dll
0x00007ffdc7d40000 - 0x00007ffdc7d56000 	C:\WINDOWS\system32\napinsp.dll
0x00007ffdc7d00000 - 0x00007ffdc7d1a000 	C:\WINDOWS\system32\pnrpnsp.dll
0x00007ffdc7c50000 - 0x00007ffdc7c5e000 	C:\WINDOWS\System32\winrnr.dll
0x00007ffdde060000 - 0x00007ffdde07c000 	C:\WINDOWS\system32\NLAapi.dll
0x00007ffddd590000 - 0x00007ffddd5a5000 	C:\WINDOWS\system32\wshbth.dll
0x00007ffde1220000 - 0x00007ffde1253000 	C:\WINDOWS\system32\rsaenh.dll
0x00007ffde1dc0000 - 0x00007ffde1de5000 	C:\WINDOWS\SYSTEM32\USERENV.dll
0x00007ffde1880000 - 0x00007ffde188c000 	C:\WINDOWS\SYSTEM32\CRYPTBASE.dll
0x00007ffdd8e70000 - 0x00007ffdd8e86000 	C:\WINDOWS\SYSTEM32\dhcpcsvc6.DLL
0x00007ffdd8d00000 - 0x00007ffdd8d1c000 	C:\WINDOWS\SYSTEM32\dhcpcsvc.DLL

dbghelp: loaded successfully - version: 4.0.5 - missing functions: none
symbol engine: initialized successfully - sym options: 0x614 - pdb path: .;C:\Program Files\Java\jdk-11.0.6\bin;C:\WINDOWS\SYSTEM32;C:\WINDOWS\WinSxS\amd64_microsoft.windows.common-controls_6595b64144ccf1df_6.0.18362.778_none_e6c6b761130d4fb8;C:\Program Files\Java\jdk-11.0.6\bin\server

VM Arguments:
jvm_args: -agentlib:jdwp=transport=dt_socket,suspend=y,address=localhost:65157 -Dcom.sun.management.jmxremote -Dcom.sun.management.jmxremote.port=65156 -Dcom.sun.management.jmxremote.authenticate=false -Dcom.sun.management.jmxremote.ssl=false -Djava.rmi.server.hostname=localhost -Dspring.jmx.enabled=true -Dspring.application.admin.enabled=true -Xverify:none -XX:TieredStopAtLevel=1 -Dspring.boot.project.name=movieService -Dfile.encoding=UTF-8 
java_command: com.movie.MovieServiceApplication --spring.output.ansi.enabled=always
java_class_path (initial): C:\Users\Biswarup\Documents\spring-cache\movieService\target\classes;C:\Users\Biswarup\.m2\repository\org\springframework\boot\spring-boot-starter-web\2.2.6.RELEASE\spring-boot-starter-web-2.2.6.RELEASE.jar;C:\Users\Biswarup\.m2\repository\org\springframework\boot\spring-boot-starter\2.2.6.RELEASE\spring-boot-starter-2.2.6.RELEASE.jar;C:\Users\Biswarup\.m2\repository\org\springframework\boot\spring-boot\2.2.6.RELEASE\spring-boot-2.2.6.RELEASE.jar;C:\Users\Biswarup\.m2\repository\org\springframework\boot\spring-boot-autoconfigure\2.2.6.RELEASE\spring-boot-autoconfigure-2.2.6.RELEASE.jar;C:\Users\Biswarup\.m2\repository\org\springframework\boot\spring-boot-starter-logging\2.2.6.RELEASE\spring-boot-starter-logging-2.2.6.RELEASE.jar;C:\Users\Biswarup\.m2\repository\ch\qos\logback\logback-classic\1.2.3\logback-classic-1.2.3.jar;C:\Users\Biswarup\.m2\repository\ch\qos\logback\logback-core\1.2.3\logback-core-1.2.3.jar;C:\Users\Biswarup\.m2\repository\org\apache\logging\log4j\log4j-to-slf4j\2.12.1\log4j-to-slf4j-2.12.1.jar;C:\Users\Biswarup\.m2\repository\org\apache\logging\log4j\log4j-api\2.12.1\log4j-api-2.12.1.jar;C:\Users\Biswarup\.m2\repository\org\slf4j\jul-to-slf4j\1.7.30\jul-to-slf4j-1.7.30.jar;C:\Users\Biswarup\.m2\repository\jakarta\annotation\jakarta.annotation-api\1.3.5\jakarta.annotation-api-1.3.5.jar;C:\Users\Biswarup\.m2\repository\org\yaml\snakeyaml\1.25\snakeyaml-1.25.jar;C:\Users\Biswarup\.m2\repository\org\springframework\boot\spring-boot-starter-json\2.2.6.RELEASE\spring-boot-starter-json-2.2.6.RELEASE.jar;C:\Users\Biswarup\.m2\repository\com\fasterxml\jackson\core\jackson-databind\2.10.3\jackson-databind-2.10.3.jar;C:\Users\Biswarup\.m2\repository\com\fasterxml\jackson\core\jackson-annotations\2.10.3\jackson-annotations-2.10.3.jar;C:\Users\Biswarup\.m2\repository\com\fasterxml\jackson\core\jackson-core\2.10.3\jackson-core-2.10.3.jar;C:\Users\Biswarup\.m2\repository\com\fasterxml\jackson\datatype\jackson-datatype-jdk8\2.10.3\
Launcher Type: SUN_STANDARD

[Global flags]
     bool BytecodeVerificationLocal                = false                                     {product} {command line}
     bool BytecodeVerificationRemote               = false                                     {product} {command line}
     intx CICompilerCount                          = 4                                         {product} {ergonomic}
     uint ConcGCThreads                            = 2                                         {product} {ergonomic}
     uint G1ConcRefinementThreads                  = 8                                         {product} {ergonomic}
   size_t G1HeapRegionSize                         = 1048576                                   {product} {ergonomic}
    uintx GCDrainStackTargetSize                   = 64                                        {product} {ergonomic}
   size_t InitialHeapSize                          = 134217728                                 {product} {ergonomic}
     bool ManagementServer                         = true                                      {product} {command line}
   size_t MarkStackSize                            = 4194304                                   {product} {ergonomic}
   size_t MaxHeapSize                              = 2122317824                                {product} {ergonomic}
   size_t MaxNewSize                               = 1272971264                                {product} {ergonomic}
   size_t MinHeapDeltaBytes                        = 1048576                                   {product} {ergonomic}
    uintx NonNMethodCodeHeapSize                   = 7549744                                {pd product} {ergonomic}
    uintx NonProfiledCodeHeapSize                  = 244108496                              {pd product} {ergonomic}
    uintx ProfiledCodeHeapSize                     = 0                                      {pd product} {ergonomic}
    uintx ReservedCodeCacheSize                    = 251658240                              {pd product} {ergonomic}
     bool SegmentedCodeCache                       = true                                      {product} {ergonomic}
     intx TieredStopAtLevel                        = 1                                         {product} {command line}
     bool UseCompressedClassPointers               = true                                 {lp64_product} {ergonomic}
     bool UseCompressedOops                        = true                                 {lp64_product} {ergonomic}
     bool UseG1GC                                  = true                                      {product} {ergonomic}
     bool UseLargePagesIndividualAllocation        = false                                  {pd product} {ergonomic}

Logging:
Log output configuration:
 #0: stdout all=warning uptime,level,tags
 #1: stderr all=off uptime,level,tags

Environment Variables:
JAVA_HOME=C:\Program Files\Java\jdk-11.0.6
PATH=C:/Program Files/Java/jdk-11.0.6/bin/server;C:/Program Files/Java/jdk-11.0.6/bin;C:\WINDOWS\system32;C:\WINDOWS;C:\WINDOWS\System32\Wbem;C:\WINDOWS\System32\WindowsPowerShell\v1.0\;C:\WINDOWS\System32\OpenSSH\;C:\Program Files\Java\jdk-11.0.6\bin;C:\tools\apache-maven-3.6.3\bin;C:\biswarup\tools\apache-zookeeper-3.6.0-bin\bin;C:\Program Files (x86)\Intel\Intel(R) Management Engine Components\DAL;C:\Program Files\Intel\Intel(R) Management Engine Components\DAL;C:\Program Files\Git\cmd;C:\Program Files\MySQL\MySQL Shell 8.0\bin\;C:\Users\Biswarup\AppData\Local\Microsoft\WindowsApps;;C:\biswarup\tools\sts-4.5.1.RELEASE;
USERNAME=Biswarup
OS=Windows_NT
PROCESSOR_IDENTIFIER=Intel64 Family 6 Model 142 Stepping 10, GenuineIntel



---------------  S Y S T E M  ---------------

OS: Windows 10 , 64 bit Build 18362 (10.0.18362.778)

CPU:total 8 (initial active 8) (4 cores per cpu, 2 threads per core) family 6 model 142 stepping 10, cmov, cx8, fxsr, mmx, sse, sse2, sse3, ssse3, sse4.1, sse4.2, popcnt, avx, avx2, aes, clmul, erms, 3dnowpref, lzcnt, ht, tsc, tscinvbit, bmi1, bmi2, adx, fma

Memory: 4k page, system-wide physical 8092M (1222M free)
TotalPageFile size 15146M (AvailPageFile size 2662M)
current process WorkingSet (physical memory assigned to process): 160M, peak: 162M
current process commit charge ("private bytes"): 261M, peak: 262M

vm_info: Java HotSpot(TM) 64-Bit Server VM (11.0.6+8-LTS) for windows-amd64 JRE (11.0.6+8-LTS), built on Dec 11 2019 09:17:57 by "mach5one" with MS VC++ 15.5 (VS2017)

END.
